Start testing: Mar 30 22:03 PDT
----------------------------------------------------------
1/4 Testing: mempool_unit_test0
1/4 Test: mempool_unit_test0
Command: "/Users/lhan/Projects/YesRTOS/unit_tests/mempool_unit_tests/build/mempool_unit_test" "alloc size < 32"
Directory: /Users/lhan/Projects/YesRTOS/unit_tests/mempool_unit_tests/build
"mempool_unit_test0" start time: Mar 30 22:03 PDT
Output:
----------------------------------------------------------
<end of output>
Test time =   0.00 sec
----------------------------------------------------------
Test Passed.
"mempool_unit_test0" end time: Mar 30 22:03 PDT
"mempool_unit_test0" time elapsed: 00:00:00
----------------------------------------------------------

2/4 Testing: mempool_unit_test1
2/4 Test: mempool_unit_test1
Command: "/Users/lhan/Projects/YesRTOS/unit_tests/mempool_unit_tests/build/mempool_unit_test" "alloc and free size < 32"
Directory: /Users/lhan/Projects/YesRTOS/unit_tests/mempool_unit_tests/build
"mempool_unit_test1" start time: Mar 30 22:03 PDT
Output:
----------------------------------------------------------
<end of output>
Test time =   0.00 sec
----------------------------------------------------------
Test Passed.
"mempool_unit_test1" end time: Mar 30 22:03 PDT
"mempool_unit_test1" time elapsed: 00:00:00
----------------------------------------------------------

3/4 Testing: mempool_unit_test2
3/4 Test: mempool_unit_test2
Command: "/Users/lhan/Projects/YesRTOS/unit_tests/mempool_unit_tests/build/mempool_unit_test" "alloc size 128"
Directory: /Users/lhan/Projects/YesRTOS/unit_tests/mempool_unit_tests/build
"mempool_unit_test2" start time: Mar 30 22:03 PDT
Output:
----------------------------------------------------------
<end of output>
Test time =   0.00 sec
----------------------------------------------------------
Test Passed.
"mempool_unit_test2" end time: Mar 30 22:03 PDT
"mempool_unit_test2" time elapsed: 00:00:00
----------------------------------------------------------

4/4 Testing: mempool_unit_test3
4/4 Test: mempool_unit_test3
Command: "/Users/lhan/Projects/YesRTOS/unit_tests/mempool_unit_tests/build/mempool_unit_test" "invalid size"
Directory: /Users/lhan/Projects/YesRTOS/unit_tests/mempool_unit_tests/build
"mempool_unit_test3" start time: Mar 30 22:03 PDT
Output:
----------------------------------------------------------
<end of output>
Test time =   0.00 sec
----------------------------------------------------------
Test Passed.
"mempool_unit_test3" end time: Mar 30 22:03 PDT
"mempool_unit_test3" time elapsed: 00:00:00
----------------------------------------------------------

End testing: Mar 30 22:03 PDT
